  Hamster.cpp
Hamster.cpp(17): warning C4244: 'argument': conversion from 'float' to 'unsigned int', possible loss of data
Hamster.cpp(44): warning C4244: 'argument': conversion from 'float' to 'unsigned int', possible loss of data
Hamster.cpp(160): warning C4267: '=': conversion from 'size_t' to 'int', possible loss of data
  HamsterWindow.cpp
d:\documents\visual studio 2015\projects\newidea\newidea\Room.h(46): warning C4244: 'argument': conversion from 'int' to 'float', possible loss of data
d:\documents\visual studio 2015\projects\newidea\newidea\Room.h(47): warning C4244: 'argument': conversion from 'int' to 'float', possible loss of data
d:\documents\visual studio 2015\projects\newidea\newidea\Room.h(48): warning C4244: 'argument': conversion from 'int' to 'float', possible loss of data
d:\documents\visual studio 2015\projects\newidea\newidea\Room.h(49): warning C4244: 'argument': conversion from 'int' to 'float', possible loss of data
  imgui-SFML.cpp
imgui-SFML.cpp(417): warning C4312: 'type cast': conversion from 'unsigned int' to 'void *' of greater size
imgui-SFML.cpp(489): warning C4312: 'type cast': conversion from 'unsigned int' to 'void *' of greater size
imgui-SFML.cpp(505): warning C4312: 'type cast': conversion from 'unsigned int' to 'void *' of greater size
imgui-SFML.cpp(697): warning C4312: 'type cast': conversion from 'unsigned int' to 'void *' of greater size
  imgui.cpp
  imgui_demo.cpp
  imgui_draw.cpp
  imgui_widgets.cpp
  Overlay.cpp
d:\documents\visual studio 2015\projects\newidea\newidea\Room.h(46): warning C4244: 'argument': conversion from 'int' to 'float', possible loss of data
d:\documents\visual studio 2015\projects\newidea\newidea\Room.h(47): warning C4244: 'argument': conversion from 'int' to 'float', possible loss of data
d:\documents\visual studio 2015\projects\newidea\newidea\Room.h(48): warning C4244: 'argument': conversion from 'int' to 'float', possible loss of data
d:\documents\visual studio 2015\projects\newidea\newidea\Room.h(49): warning C4244: 'argument': conversion from 'int' to 'float', possible loss of data
  StoreWindow.cpp
d:\documents\visual studio 2015\projects\newidea\newidea\Room.h(46): warning C4244: 'argument': conversion from 'int' to 'float', possible loss of data
d:\documents\visual studio 2015\projects\newidea\newidea\Room.h(47): warning C4244: 'argument': conversion from 'int' to 'float', possible loss of data
d:\documents\visual studio 2015\projects\newidea\newidea\Room.h(48): warning C4244: 'argument': conversion from 'int' to 'float', possible loss of data
d:\documents\visual studio 2015\projects\newidea\newidea\Room.h(49): warning C4244: 'argument': conversion from 'int' to 'float', possible loss of data
  UserWindow.cpp
d:\documents\visual studio 2015\projects\newidea\newidea\Room.h(46): warning C4244: 'argument': conversion from 'int' to 'float', possible loss of data
d:\documents\visual studio 2015\projects\newidea\newidea\Room.h(47): warning C4244: 'argument': conversion from 'int' to 'float', possible loss of data
d:\documents\visual studio 2015\projects\newidea\newidea\Room.h(48): warning C4244: 'argument': conversion from 'int' to 'float', possible loss of data
d:\documents\visual studio 2015\projects\newidea\newidea\Room.h(49): warning C4244: 'argument': conversion from 'int' to 'float', possible loss of data
  World.cpp
d:\documents\visual studio 2015\projects\newidea\newidea\Room.h(46): warning C4244: 'argument': conversion from 'int' to 'float', possible loss of data
d:\documents\visual studio 2015\projects\newidea\newidea\Room.h(47): warning C4244: 'argument': conversion from 'int' to 'float', possible loss of data
d:\documents\visual studio 2015\projects\newidea\newidea\Room.h(48): warning C4244: 'argument': conversion from 'int' to 'float', possible loss of data
d:\documents\visual studio 2015\projects\newidea\newidea\Room.h(49): warning C4244: 'argument': conversion from 'int' to 'float', possible loss of data
World.cpp(9): warning C4244: 'argument': conversion from 'time_t' to 'unsigned int', possible loss of data
World.cpp(35): warning C4244: 'argument': conversion from 'unsigned int' to 'float', possible loss of data
World.cpp(39): warning C4244: 'argument': conversion from 'unsigned int' to 'float', possible loss of data
World.cpp(42): warning C4244: 'argument': conversion from 'unsigned int' to 'float', possible loss of data
World.cpp(83): warning C4244: 'argument': conversion from 'float' to 'unsigned int', possible loss of data
World.cpp(89): warning C4244: 'argument': conversion from 'float' to 'unsigned int', possible loss of data
World.cpp(94): warning C4244: 'argument': conversion from 'float' to 'unsigned int', possible loss of data
World.cpp(132): warning C4267: 'argument': conversion from 'size_t' to 'int', possible loss of data
World.cpp(134): warning C4267: 'argument': conversion from 'size_t' to 'int', possible loss of data
  Game.cpp
d:\documents\visual studio 2015\projects\newidea\newidea\Room.h(46): warning C4244: 'argument': conversion from 'int' to 'float', possible loss of data
d:\documents\visual studio 2015\projects\newidea\newidea\Room.h(47): warning C4244: 'argument': conversion from 'int' to 'float', possible loss of data
d:\documents\visual studio 2015\projects\newidea\newidea\Room.h(48): warning C4244: 'argument': conversion from 'int' to 'float', possible loss of data
d:\documents\visual studio 2015\projects\newidea\newidea\Room.h(49): warning C4244: 'argument': conversion from 'int' to 'float', possible loss of data
  GameState.cpp
  Main.cpp
  MenuState.cpp
d:\documents\visual studio 2015\projects\newidea\newidea\Room.h(46): warning C4244: 'argument': conversion from 'int' to 'float', possible loss of data
d:\documents\visual studio 2015\projects\newidea\newidea\Room.h(47): warning C4244: 'argument': conversion from 'int' to 'float', possible loss of data
d:\documents\visual studio 2015\projects\newidea\newidea\Room.h(48): warning C4244: 'argument': conversion from 'int' to 'float', possible loss of data
d:\documents\visual studio 2015\projects\newidea\newidea\Room.h(49): warning C4244: 'argument': conversion from 'int' to 'float', possible loss of data
  PauseState.cpp
  PlayState.cpp
d:\documents\visual studio 2015\projects\newidea\newidea\Room.h(46): warning C4244: 'argument': conversion from 'int' to 'float', possible loss of data
d:\documents\visual studio 2015\projects\newidea\newidea\Room.h(47): warning C4244: 'argument': conversion from 'int' to 'float', possible loss of data
d:\documents\visual studio 2015\projects\newidea\newidea\Room.h(48): warning C4244: 'argument': conversion from 'int' to 'float', possible loss of data
d:\documents\visual studio 2015\projects\newidea\newidea\Room.h(49): warning C4244: 'argument': conversion from 'int' to 'float', possible loss of data
  Room.cpp
d:\documents\visual studio 2015\projects\newidea\newidea\Room.h(46): warning C4244: 'argument': conversion from 'int' to 'float', possible loss of data
d:\documents\visual studio 2015\projects\newidea\newidea\Room.h(47): warning C4244: 'argument': conversion from 'int' to 'float', possible loss of data
d:\documents\visual studio 2015\projects\newidea\newidea\Room.h(48): warning C4244: 'argument': conversion from 'int' to 'float', possible loss of data
d:\documents\visual studio 2015\projects\newidea\newidea\Room.h(49): warning C4244: 'argument': conversion from 'int' to 'float', possible loss of data
CollisionBox.obj : error LNK2001: unresolved external symbol "__declspec(dllimport) public: class sf::Vector2<float> const & __cdecl sf::Transformable::getPosition(void)const " (__imp_?getPosition@Transformable@sf@@QEBAAEBV?$Vector2@M@2@XZ)
CollisionBox.obj : error LNK2001: unresolved external symbol "__declspec(dllimport) public: class sf::Vector2<float> const & __cdecl sf::RectangleShape::getSize(void)const " (__imp_?getSize@RectangleShape@sf@@QEBAAEBV?$Vector2@M@2@XZ)
CollisionBox.obj : error LNK2001: unresolved external symbol "__declspec(dllimport) public: __cdecl sf::RectangleShape::RectangleShape(class sf::Vector2<float> const &)" (__imp_??0RectangleShape@sf@@QEAA@AEBV?$Vector2@M@1@@Z)
CollisionBox.obj : error LNK2001: unresolved external symbol "__declspec(dllimport) public: virtual __cdecl sf::RectangleShape::~RectangleShape(void)" (__imp_??1RectangleShape@sf@@UEAA@XZ)
Hamster.obj : error LNK2001: unresolved external symbol "__declspec(dllimport) public: float __cdecl sf::CircleShape::getRadius(void)const " (__imp_?getRadius@CircleShape@sf@@QEBAMXZ)
Hamster.obj : error LNK2001: unresolved external symbol "__declspec(dllimport) public: int __cdecl sf::Time::asMilliseconds(void)const " (__imp_?asMilliseconds@Time@sf@@QEBAHXZ)
Hamster.obj : error LNK2001: unresolved external symbol "__declspec(dllimport) public: __cdecl sf::Time::Time(void)" (__imp_??0Time@sf@@QEAA@XZ)
Hamster.obj : error LNK2001: unresolved external symbol "__declspec(dllimport) public: void __cdecl sf::Transformable::move(class sf::Vector2<float> const &)" (__imp_?move@Transformable@sf@@QEAAXAEBV?$Vector2@M@2@@Z)
Hamster.obj : error LNK2001: unresolved external symbol "__declspec(dllimport) public: void __cdecl sf::Transformable::setOrigin(float,float)" (__imp_?setOrigin@Transformable@sf@@QEAAXMM@Z)
Hamster.obj : error LNK2001: unresolved external symbol "__declspec(dllimport) public: void __cdecl sf::Transformable::setScale(float,float)" (__imp_?setScale@Transformable@sf@@QEAAXMM@Z)
Hamster.obj : error LNK2001: unresolved external symbol "__declspec(dllimport) public: void __cdecl sf::Transformable::setPosition(float,float)" (__imp_?setPosition@Transformable@sf@@QEAAXMM@Z)
Hamster.obj : error LNK2001: unresolved external symbol "__declspec(dllimport) public: void __cdecl sf::Transformable::setPosition(class sf::Vector2<float> const &)" (__imp_?setPosition@Transformable@sf@@QEAAXAEBV?$Vector2@M@2@@Z)
Hamster.obj : error LNK2001: unresolved external symbol "__declspec(dllimport) public: bool __cdecl sf::Texture::loadFromFile(class std::basic_string<char,struct std::char_traits<char>,class std::allocator<char> > const &,class sf::Rect<int> const &)" (__imp_?loadFromFile@Texture@sf@@QEAA_NAEBV?$basic_string@DU?$char_traits@D@std@@V?$allocator@D@2@@std@@AEBV?$Rect@H@2@@Z)
Hamster.obj : error LNK2001: unresolved external symbol "__declspec(dllimport) public: __cdecl sf::Texture::~Texture(void)" (__imp_??1Texture@sf@@QEAA@XZ)
Hamster.obj : error LNK2001: unresolved external symbol "__declspec(dllimport) public: __cdecl sf::Texture::Texture(void)" (__imp_??0Texture@sf@@QEAA@XZ)
Hamster.obj : error LNK2001: unresolved external symbol "__declspec(dllimport) public: bool __cdecl sf::Font::loadFromFile(class std::basic_string<char,struct std::char_traits<char>,class std::allocator<char> > const &)" (__imp_?loadFromFile@Font@sf@@QEAA_NAEBV?$basic_string@DU?$char_traits@D@std@@V?$allocator@D@2@@std@@@Z)
Hamster.obj : error LNK2001: unresolved external symbol "__declspec(dllimport) public: __cdecl sf::Font::~Font(void)" (__imp_??1Font@sf@@QEAA@XZ)
Hamster.obj : error LNK2001: unresolved external symbol "__declspec(dllimport) public: __cdecl sf::Font::Font(void)" (__imp_??0Font@sf@@QEAA@XZ)
Hamster.obj : error LNK2001: unresolved external symbol "__declspec(dllimport) public: void __cdecl sf::VertexArray::clear(void)" (__imp_?clear@VertexArray@sf@@QEAAXXZ)
Hamster.obj : error LNK2001: unresolved external symbol "__declspec(dllimport) public: class sf::Vertex & __cdecl sf::VertexArray::operator[](unsigned __int64)" (__imp_??AVertexArray@sf@@QEAAAEAVVertex@1@_K@Z)
Hamster.obj : error LNK2001: unresolved external symbol "__declspec(dllimport) public: __cdecl sf::VertexArray::VertexArray(void)" (__imp_??0VertexArray@sf@@QEAA@XZ)
Hamster.obj : error LNK2001: unresolved external symbol "__declspec(dllimport) public: __cdecl sf::VertexArray::VertexArray(enum sf::PrimitiveType,unsigned __int64)" (__imp_??0VertexArray@sf@@QEAA@W4PrimitiveType@1@_K@Z)
Hamster.obj : error LNK2001: unresolved external symbol "__declspec(dllimport) public: static class sf::Color const sf::Color::Red" (__imp_?Red@Color@sf@@2V12@B)
Hamster.obj : error LNK2001: unresolved external symbol "__declspec(dllimport) public: static class sf::Color const sf::Color::Black" (__imp_?Black@Color@sf@@2V12@B)
Hamster.obj : error LNK2001: unresolved external symbol "__declspec(dllimport) public: static class sf::Color const sf::Color::Yellow" (__imp_?Yellow@Color@sf@@2V12@B)
Hamster.obj : error LNK2001: unresolved external symbol "__declspec(dllimport) public: void __cdecl sf::Shape::setFillColor(class sf::Color const &)" (__imp_?setFillColor@Shape@sf@@QEAAXAEBVColor@2@@Z)
Hamster.obj : error LNK2001: unresolved external symbol "__declspec(dllimport) public: __cdecl sf::String::String(class std::basic_string<char,struct std::char_traits<char>,class std::allocator<char> > const &,class std::locale const &)" (__imp_??0String@sf@@QEAA@AEBV?$basic_string@DU?$char_traits@D@std@@V?$allocator@D@2@@std@@AEBVlocale@3@@Z)
Hamster.obj : error LNK2001: unresolved external symbol "__declspec(dllimport) public: void __cdecl sf::RectangleShape::setSize(class sf::Vector2<float> const &)" (__imp_?setSize@RectangleShape@sf@@QEAAXAEBV?$Vector2@M@2@@Z)
Hamster.obj : error LNK2001: unresolved external symbol "__declspec(dllimport) public: class sf::Rect<int> const & __cdecl sf::Sprite::getTextureRect(void)const " (__imp_?getTextureRect@Sprite@sf@@QEBAAEBV?$Rect@H@2@XZ)
Hamster.obj : error LNK2001: unresolved external symbol "__declspec(dllimport) public: void __cdecl sf::Sprite::setTexture(class sf::Texture const &,bool)" (__imp_?setTexture@Sprite@sf@@QEAAXAEBVTexture@2@_N@Z)
Hamster.obj : error LNK2001: unresolved external symbol "__declspec(dllimport) public: __cdecl sf::Sprite::Sprite(void)" (__imp_??0Sprite@sf@@QEAA@XZ)
Hamster.obj : error LNK2001: unresolved external symbol "__declspec(dllimport) public: class sf::Rect<float> __cdecl sf::Text::getLocalBounds(void)const " (__imp_?getLocalBounds@Text@sf@@QEBA?AV?$Rect@M@2@XZ)
Hamster.obj : error LNK2001: unresolved external symbol "__declspec(dllimport) public: void __cdecl sf::Text::setOutlineThickness(float)" (__imp_?setOutlineThickness@Text@sf@@QEAAXM@Z)
Hamster.obj : error LNK2001: unresolved external symbol "__declspec(dllimport) public: void __cdecl sf::Text::setOutlineColor(class sf::Color const &)" (__imp_?setOutlineColor@Text@sf@@QEAAXAEBVColor@2@@Z)
Hamster.obj : error LNK2001: unresolved external symbol "__declspec(dllimport) public: void __cdecl sf::Text::setCharacterSize(unsigned int)" (__imp_?setCharacterSize@Text@sf@@QEAAXI@Z)
Hamster.obj : error LNK2001: unresolved external symbol "__declspec(dllimport) public: void __cdecl sf::Text::setFont(class sf::Font const &)" (__imp_?setFont@Text@sf@@QEAAXAEBVFont@2@@Z)
Hamster.obj : error LNK2001: unresolved external symbol "__declspec(dllimport) public: void __cdecl sf::Text::setString(class sf::String const &)" (__imp_?setString@Text@sf@@QEAAXAEBVString@2@@Z)
Hamster.obj : error LNK2001: unresolved external symbol "__declspec(dllimport) public: __cdecl sf::Text::Text(void)" (__imp_??0Text@sf@@QEAA@XZ)
Hamster.obj : error LNK2001: unresolved external symbol "__declspec(dllimport) public: class sf::VertexArray & __cdecl sf::VertexArray::operator=(class sf::VertexArray const &)" (__imp_??4VertexArray@sf@@QEAAAEAV01@AEBV01@@Z)
Hamster.obj : error LNK2001: unresolved external symbol "__declspec(dllimport) public: __cdecl sf::String::~String(void)" (__imp_??1String@sf@@QEAA@XZ)
Hamster.obj : error LNK2001: unresolved external symbol "__declspec(dllimport) public: virtual __cdecl sf::VertexArray::~VertexArray(void)" (__imp_??1VertexArray@sf@@UEAA@XZ)
Hamster.obj : error LNK2001: unresolved external symbol "__declspec(dllimport) public: virtual __cdecl sf::Text::~Text(void)" (__imp_??1Text@sf@@UEAA@XZ)
Hamster.obj : error LNK2001: unresolved external symbol "__declspec(dllimport) public: virtual __cdecl sf::Sprite::~Sprite(void)" (__imp_??1Sprite@sf@@UEAA@XZ)
imgui-SFML.obj : error LNK2001: unresolved external symbol "__declspec(dllimport) public: float __cdecl sf::Time::asSeconds(void)const " (__imp_?asSeconds@Time@sf@@QEBAMXZ)
imgui-SFML.obj : error LNK2001: unresolved external symbol "__declspec(dllimport) public: static float __cdecl sf::Joystick::getAxisPosition(unsigned int,enum sf::Joystick::Axis)" (__imp_?getAxisPosition@Joystick@sf@@SAMIW4Axis@12@@Z)
imgui-SFML.obj : error LNK2001: unresolved external symbol "__declspec(dllimport) public: static bool __cdecl sf::Joystick::isButtonPressed(unsigned int,unsigned int)" (__imp_?isButtonPressed@Joystick@sf@@SA_NII@Z)
imgui-SFML.obj : error LNK2001: unresolved external symbol "__declspec(dllimport) public: static bool __cdecl sf::Joystick::isConnected(unsigned int)" (__imp_?isConnected@Joystick@sf@@SA_NI@Z)
imgui-SFML.obj : error LNK2001: unresolved external symbol "__declspec(dllimport) public: unsigned int __cdecl sf::Texture::getNativeHandle(void)const " (__imp_?getNativeHandle@Texture@sf@@QEBAIXZ)
imgui-SFML.obj : error LNK2001: unresolved external symbol "__declspec(dllimport) public: void __cdecl sf::Texture::update(unsigned char const *)" (__imp_?update@Texture@sf@@QEAAXPEBE@Z)
imgui-SFML.obj : error LNK2001: unresolved external symbol "__declspec(dllimport) public: class sf::Vector2<unsigned int> __cdecl sf::Texture::getSize(void)const " (__imp_?getSize@Texture@sf@@QEBA?AV?$Vector2@I@2@XZ)
imgui-SFML.obj : error LNK2001: unresolved external symbol "__declspec(dllimport) public: bool __cdecl sf::Texture::create(unsigned int,unsigned int)" (__imp_?create@Texture@sf@@QEAA_NII@Z)
imgui-SFML.obj : error LNK2001: unresolved external symbol "__declspec(dllimport) public: bool __cdecl sf::Window::hasFocus(void)const " (__imp_?hasFocus@Window@sf@@QEBA_NXZ)
imgui-SFML.obj : error LNK2001: unresolved external symbol "__declspec(dllimport) public: void __cdecl sf::Window::setMouseCursorVisible(bool)" (__imp_?setMouseCursorVisible@Window@sf@@QEAAX_N@Z)
imgui-SFML.obj : error LNK2001: unresolved external symbol "__declspec(dllimport) public: void __cdecl sf::RenderTarget::resetGLStates(void)" (__imp_?resetGLStates@RenderTarget@sf@@QEAAXXZ)
imgui-SFML.obj : error LNK2001: unresolved external symbol "__declspec(dllimport) public: static class sf::Vector2<int> __cdecl sf::Touch::getPosition(unsigned int,class sf::Window const &)" (__imp_?getPosition@Touch@sf@@SA?AV?$Vector2@H@2@IAEBVWindow@2@@Z)
imgui-SFML.obj : error LNK2001: unresolved external symbol "__declspec(dllimport) public: static bool __cdecl sf::Touch::isDown(unsigned int)" (__imp_?isDown@Touch@sf@@SA_NI@Z)
imgui-SFML.obj : error LNK2001: unresolved external symbol "__declspec(dllimport) public: class sf::Rect<float> __cdecl sf::Sprite::getGlobalBounds(void)const " (__imp_?getGlobalBounds@Sprite@sf@@QEBA?AV?$Rect@M@2@XZ)
imgui-SFML.obj : error LNK2001: unresolved external symbol "__declspec(dllimport) public: class sf::Texture const * __cdecl sf::Sprite::getTexture(void)const " (__imp_?getTexture@Sprite@sf@@QEBAPEBVTexture@2@XZ)
imgui-SFML.obj : error LNK2001: unresolved external symbol "__declspec(dllimport) public: static void __cdecl sf::Mouse::setPosition(class sf::Vector2<int> const &)" (__imp_?setPosition@Mouse@sf@@SAXAEBV?$Vector2@H@2@@Z)
imgui-SFML.obj : error LNK2001: unresolved external symbol "__declspec(dllimport) public: static class sf::Vector2<int> __cdecl sf::Mouse::getPosition(class sf::Window const &)" (__imp_?getPosition@Mouse@sf@@SA?AV?$Vector2@H@2@AEBVWindow@2@@Z)
imgui-SFML.obj : error LNK2001: unresolved external symbol "__declspec(dllimport) public: static bool __cdecl sf::Mouse::isButtonPressed(enum sf::Mouse::Button)" (__imp_?isButtonPressed@Mouse@sf@@SA_NW4Button@12@@Z)
Node.obj : error LNK2001: unresolved external symbol "__declspec(dllimport) public: void __cdecl sf::CircleShape::setRadius(float)" (__imp_?setRadius@CircleShape@sf@@QEAAXM@Z)
Node.obj : error LNK2001: unresolved external symbol "__declspec(dllimport) public: __cdecl sf::CircleShape::CircleShape(float,unsigned __int64)" (__imp_??0CircleShape@sf@@QEAA@M_K@Z)
Node.obj : error LNK2001: unresolved external symbol "__declspec(dllimport) public: static class sf::Color const sf::Color::Green" (__imp_?Green@Color@sf@@2V12@B)
Node.obj : error LNK2001: unresolved external symbol "__declspec(dllimport) public: virtual __cdecl sf::CircleShape::~CircleShape(void)" (__imp_??1CircleShape@sf@@UEAA@XZ)
StoreWindow.obj : error LNK2001: unresolved external symbol "__declspec(dllimport) public: __cdecl sf::RectangleShape::RectangleShape(class sf::RectangleShape &&)" (__imp_??0RectangleShape@sf@@QEAA@$$QEAV01@@Z)
StoreWindow.obj : error LNK2001: unresolved external symbol "__declspec(dllimport) public: __cdecl sf::RectangleShape::RectangleShape(class sf::RectangleShape const &)" (__imp_??0RectangleShape@sf@@QEAA@AEBV01@@Z)
StoreWindow.obj : error LNK2001: unresolved external symbol "__declspec(dllimport) public: class sf::RectangleShape & __cdecl sf::RectangleShape::operator=(class sf::RectangleShape const &)" (__imp_??4RectangleShape@sf@@QEAAAEAV01@AEBV01@@Z)
UserWindow.obj : error LNK2001: unresolved external symbol "__declspec(dllimport) public: void __cdecl sf::Shape::setOutlineThickness(float)" (__imp_?setOutlineThickness@Shape@sf@@QEAAXM@Z)
UserWindow.obj : error LNK2001: unresolved external symbol "__declspec(dllimport) public: void __cdecl sf::Shape::setOutlineColor(class sf::Color const &)" (__imp_?setOutlineColor@Shape@sf@@QEAAXAEBVColor@2@@Z)
UserWindow.obj : error LNK2001: unresolved external symbol "__declspec(dllimport) public: static class sf::Color const sf::Color::Blue" (__imp_?Blue@Color@sf@@2V12@B)
World.obj : error LNK2001: unresolved external symbol "__declspec(dllimport) public: static class sf::RenderStates const sf::RenderStates::Default" (__imp_?Default@RenderStates@sf@@2V12@B)
World.obj : error LNK2001: unresolved external symbol "__declspec(dllimport) public: static class sf::Color const sf::Color::White" (__imp_?White@Color@sf@@2V12@B)
World.obj : error LNK2001: unresolved external symbol "__declspec(dllimport) public: void __cdecl sf::Transformable::setScale(class sf::Vector2<float> const &)" (__imp_?setScale@Transformable@sf@@QEAAXAEBV?$Vector2@M@2@@Z)
World.obj : error LNK2001: unresolved external symbol "__declspec(dllimport) public: void __cdecl sf::View::zoom(float)" (__imp_?zoom@View@sf@@QEAAXM@Z)
World.obj : error LNK2001: unresolved external symbol "__declspec(dllimport) public: void __cdecl sf::View::move(class sf::Vector2<float> const &)" (__imp_?move@View@sf@@QEAAXAEBV?$Vector2@M@2@@Z)
World.obj : error LNK2001: unresolved external symbol "__declspec(dllimport) public: class sf::Vector2<float> const & __cdecl sf::View::getSize(void)const " (__imp_?getSize@View@sf@@QEBAAEBV?$Vector2@M@2@XZ)
World.obj : error LNK2001: unresolved external symbol "__declspec(dllimport) public: class sf::Vector2<float> const & __cdecl sf::View::getCenter(void)const " (__imp_?getCenter@View@sf@@QEBAAEBV?$Vector2@M@2@XZ)
World.obj : error LNK2001: unresolved external symbol "__declspec(dllimport) public: void __cdecl sf::View::reset(class sf::Rect<float> const &)" (__imp_?reset@View@sf@@QEAAXAEBV?$Rect@M@2@@Z)
World.obj : error LNK2001: unresolved external symbol "__declspec(dllimport) public: void __cdecl sf::View::setViewport(class sf::Rect<float> const &)" (__imp_?setViewport@View@sf@@QEAAXAEBV?$Rect@M@2@@Z)
World.obj : error LNK2001: unresolved external symbol "__declspec(dllimport) public: void __cdecl sf::View::setCenter(float,float)" (__imp_?setCenter@View@sf@@QEAAXMM@Z)
World.obj : error LNK2001: unresolved external symbol "__declspec(dllimport) public: void __cdecl sf::View::setCenter(class sf::Vector2<float> const &)" (__imp_?setCenter@View@sf@@QEAAXAEBV?$Vector2@M@2@@Z)
World.obj : error LNK2001: unresolved external symbol "__declspec(dllimport) public: __cdecl sf::View::View(void)" (__imp_??0View@sf@@QEAA@XZ)
World.obj : error LNK2001: unresolved external symbol "__declspec(dllimport) public: __cdecl sf::Color::Color(void)" (__imp_??0Color@sf@@QEAA@XZ)
World.obj : error LNK2001: unresolved external symbol "__declspec(dllimport) public: __cdecl sf::Color::Color(unsigned char,unsigned char,unsigned char,unsigned char)" (__imp_??0Color@sf@@QEAA@EEEE@Z)
World.obj : error LNK2001: unresolved external symbol "__declspec(dllimport) public: static class sf::Color const sf::Color::Transparent" (__imp_?Transparent@Color@sf@@2V12@B)
World.obj : error LNK2001: unresolved external symbol "__declspec(dllimport) public: void __cdecl sf::RenderTarget::draw(class sf::Drawable const &,class sf::RenderStates const &)" (__imp_?draw@RenderTarget@sf@@QEAAXAEBVDrawable@2@AEBVRenderStates@2@@Z)
World.obj : error LNK2001: unresolved external symbol "__declspec(dllimport) public: class sf::Vector2<float> __cdecl sf::RenderTarget::mapPixelToCoords(class sf::Vector2<int> const &)const " (__imp_?mapPixelToCoords@RenderTarget@sf@@QEBA?AV?$Vector2@M@2@AEBV?$Vector2@H@2@@Z)
World.obj : error LNK2001: unresolved external symbol "__declspec(dllimport) public: class sf::View const & __cdecl sf::RenderTarget::getDefaultView(void)const " (__imp_?getDefaultView@RenderTarget@sf@@QEBAAEBVView@2@XZ)
World.obj : error LNK2001: unresolved external symbol "__declspec(dllimport) public: void __cdecl sf::RenderTarget::setView(class sf::View const &)" (__imp_?setView@RenderTarget@sf@@QEAAXAEBVView@2@@Z)
World.obj : error LNK2001: unresolved external symbol "__declspec(dllimport) public: void __cdecl sf::RenderTarget::clear(class sf::Color const &)" (__imp_?clear@RenderTarget@sf@@QEAAXAEBVColor@2@@Z)
World.obj : error LNK2001: unresolved external symbol "__declspec(dllimport) private: virtual void __cdecl sf::Shape::draw(class sf::RenderTarget &,class sf::RenderStates)const " (__imp_?draw@Shape@sf@@EEBAXAEAVRenderTarget@2@VRenderStates@2@@Z)
World.obj : error LNK2001: unresolved external symbol "__declspec(dllimport) public: __cdecl sf::String::String(char const *,class std::locale const &)" (__imp_??0String@sf@@QEAA@PEBDAEBVlocale@std@@@Z)
World.obj : error LNK2001: unresolved external symbol "__declspec(dllimport) public: virtual class sf::Vector2<float> __cdecl sf::RectangleShape::getPoint(unsigned __int64)const " (__imp_?getPoint@RectangleShape@sf@@UEBA?AV?$Vector2@M@2@_K@Z)
World.obj : error LNK2001: unresolved external symbol "__declspec(dllimport) public: virtual unsigned __int64 __cdecl sf::RectangleShape::getPointCount(void)const " (__imp_?getPointCount@RectangleShape@sf@@UEBA_KXZ)
World.obj : error LNK2001: unresolved external symbol "__declspec(dllimport) private: virtual void __cdecl sf::Sprite::draw(class sf::RenderTarget &,class sf::RenderStates)const " (__imp_?draw@Sprite@sf@@EEBAXAEAVRenderTarget@2@VRenderStates@2@@Z)
World.obj : error LNK2001: unresolved external symbol "__declspec(dllimport) public: class sf::Rect<float> __cdecl sf::Sprite::getLocalBounds(void)const " (__imp_?getLocalBounds@Sprite@sf@@QEBA?AV?$Rect@M@2@XZ)
World.obj : error LNK2001: unresolved external symbol "__declspec(dllimport) public: __cdecl sf::Sprite::Sprite(class sf::Texture const &)" (__imp_??0Sprite@sf@@QEAA@AEBVTexture@1@@Z)
World.obj : error LNK2001: unresolved external symbol "__declspec(dllimport) public: static class sf::Vector2<int> __cdecl sf::Mouse::getPosition(void)" (__imp_?getPosition@Mouse@sf@@SA?AV?$Vector2@H@2@XZ)
World.obj : error LNK2001: unresolved external symbol "__declspec(dllimport) public: __cdecl sf::Sprite::Sprite(class sf::Sprite const &)" (__imp_??0Sprite@sf@@QEAA@AEBV01@@Z)
Game.obj : error LNK2001: unresolved external symbol "__declspec(dllimport) class sf::Time & __cdecl sf::operator+=(class sf::Time &,class sf::Time)" (__imp_??Ysf@@YAAEAVTime@0@AEAV10@V10@@Z)
Game.obj : error LNK2001: unresolved external symbol "__declspec(dllimport) public: class sf::Time __cdecl sf::Clock::restart(void)" (__imp_?restart@Clock@sf@@QEAA?AVTime@2@XZ)
Game.obj : error LNK2001: unresolved external symbol "__declspec(dllimport) public: __cdecl sf::Clock::Clock(void)" (__imp_??0Clock@sf@@QEAA@XZ)
Game.obj : error LNK2001: unresolved external symbol "__declspec(dllimport) public: static class sf::Time const sf::Time::Zero" (__imp_?Zero@Time@sf@@2V12@B)
Game.obj : error LNK2001: unresolved external symbol "__declspec(dllimport) class sf::Time __cdecl sf::seconds(float)" (__imp_?seconds@sf@@YA?AVTime@1@M@Z)
Game.obj : error LNK2001: unresolved external symbol "__declspec(dllimport) class sf::Time & __cdecl sf::operator-=(class sf::Time &,class sf::Time)" (__imp_??Zsf@@YAAEAVTime@0@AEAV10@V10@@Z)
Game.obj : error LNK2001: unresolved external symbol "__declspec(dllimport) public: virtual __cdecl sf::RenderWindow::~RenderWindow(void)" (__imp_??1RenderWindow@sf@@UEAA@XZ)
Game.obj : error LNK2001: unresolved external symbol "__declspec(dllimport) public: __cdecl sf::RenderWindow::RenderWindow(class sf::VideoMode,class sf::String const &,unsigned int,struct sf::ContextSettings const &)" (__imp_??0RenderWindow@sf@@QEAA@VVideoMode@1@AEBVString@1@IAEBUContextSettings@1@@Z)
Game.obj : error LNK2001: unresolved external symbol "__declspec(dllimport) bool __cdecl sf::operator>(class sf::Time,class sf::Time)" (__imp_??Osf@@YA_NVTime@0@0@Z)
Game.obj : error LNK2001: unresolved external symbol "__declspec(dllimport) public: void __cdecl sf::Window::display(void)" (__imp_?display@Window@sf@@QEAAXXZ)
Game.obj : error LNK2001: unresolved external symbol "__declspec(dllimport) public: void __cdecl sf::Window::setKeyRepeatEnabled(bool)" (__imp_?setKeyRepeatEnabled@Window@sf@@QEAAX_N@Z)
Game.obj : error LNK2001: unresolved external symbol "__declspec(dllimport) public: void __cdecl sf::Window::setVerticalSyncEnabled(bool)" (__imp_?setVerticalSyncEnabled@Window@sf@@QEAAX_N@Z)
Game.obj : error LNK2001: unresolved external symbol "__declspec(dllimport) public: bool __cdecl sf::Window::pollEvent(class sf::Event &)" (__imp_?pollEvent@Window@sf@@QEAA_NAEAVEvent@2@@Z)
Game.obj : error LNK2001: unresolved external symbol "__declspec(dllimport) public: bool __cdecl sf::Window::isOpen(void)const " (__imp_?isOpen@Window@sf@@QEBA_NXZ)
Game.obj : error LNK2001: unresolved external symbol "__declspec(dllimport) public: void __cdecl sf::Window::close(void)" (__imp_?close@Window@sf@@QEAAXXZ)
Game.obj : error LNK2001: unresolved external symbol "__declspec(dllimport) public: __cdecl sf::VideoMode::VideoMode(unsigned int,unsigned int,unsigned int)" (__imp_??0VideoMode@sf@@QEAA@III@Z)
InputManager.obj : error LNK2001: unresolved external symbol "__declspec(dllimport) public: static bool __cdecl sf::Keyboard::isKeyPressed(enum sf::Keyboard::Key)" (__imp_?isKeyPressed@Keyboard@sf@@SA_NW4Key@12@@Z)
PauseState.obj : error LNK2001: unresolved external symbol "__declspec(dllimport) public: void __cdecl sf::Text::setFillColor(class sf::Color const &)" (__imp_?setFillColor@Text@sf@@QEAAXAEBVColor@2@@Z)
Room.obj : error LNK2001: unresolved external symbol "__declspec(dllimport) public: void __cdecl sf::RectangleShape::`default constructor closure'(void)" (__imp_??_FRectangleShape@sf@@QEAAXXZ)
d:\documents\visual studio 2015\Projects\NewIdea\x64\Release\NewIdea.exe : fatal error LNK1120: 119 unresolved externals
