d:\documents\visual studio 2015\projects\newidea\newidea\x64\release\vc140.pdb
d:\documents\visual studio 2015\projects\newidea\newidea\x64\release\room.obj
d:\documents\visual studio 2015\projects\newidea\newidea\x64\release\playstate.obj
d:\documents\visual studio 2015\projects\newidea\newidea\x64\release\pausestate.obj
d:\documents\visual studio 2015\projects\newidea\newidea\x64\release\menustate.obj
d:\documents\visual studio 2015\projects\newidea\newidea\x64\release\main.obj
d:\documents\visual studio 2015\projects\newidea\newidea\x64\release\inputmanager.obj
d:\documents\visual studio 2015\projects\newidea\newidea\x64\release\gamestate.obj
d:\documents\visual studio 2015\projects\newidea\newidea\x64\release\game.obj
d:\documents\visual studio 2015\projects\newidea\newidea\x64\release\world.obj
d:\documents\visual studio 2015\projects\newidea\newidea\x64\release\viewmanager.obj
d:\documents\visual studio 2015\projects\newidea\newidea\x64\release\userwindow.obj
d:\documents\visual studio 2015\projects\newidea\newidea\x64\release\storewindow.obj
d:\documents\visual studio 2015\projects\newidea\newidea\x64\release\overlay.obj
d:\documents\visual studio 2015\projects\newidea\newidea\x64\release\hamsterwindow.obj
d:\documents\visual studio 2015\projects\newidea\newidea\x64\release\hamster.obj
d:\documents\visual studio 2015\projects\newidea\newidea\x64\release\collisionbox.obj
d:\documents\visual studio 2015\projects\newidea\x64\release\newidea.exe
d:\documents\visual studio 2015\projects\newidea\x64\release\newidea.ipdb
d:\documents\visual studio 2015\projects\newidea\x64\release\newidea.iobj
d:\documents\visual studio 2015\projects\newidea\x64\release\newidea.pdb
d:\documents\visual studio 2015\projects\newidea\newidea\x64\release\newidea.tlog\cl.command.1.tlog
d:\documents\visual studio 2015\projects\newidea\newidea\x64\release\newidea.tlog\cl.read.1.tlog
d:\documents\visual studio 2015\projects\newidea\newidea\x64\release\newidea.tlog\cl.write.1.tlog
d:\documents\visual studio 2015\projects\newidea\newidea\x64\release\newidea.tlog\link.command.1.tlog
d:\documents\visual studio 2015\projects\newidea\newidea\x64\release\newidea.tlog\link.read.1.tlog
d:\documents\visual studio 2015\projects\newidea\newidea\x64\release\newidea.tlog\link.write.1.tlog
