  Room.cpp
d:\documents\visual studio 2015\projects\newidea\newidea\collisionbox.h(1): fatal error C1083: Cannot open include file: 'SFML/Graphics.hpp': No such file or directory
  PlayState.cpp
d:\documents\visual studio 2015\projects\newidea\newidea\gamestate.h(3): fatal error C1083: Cannot open include file: 'SFML/Graphics.hpp': No such file or directory
  PauseState.cpp
d:\documents\visual studio 2015\projects\newidea\newidea\gamestate.h(3): fatal error C1083: Cannot open include file: 'SFML/Graphics.hpp': No such file or directory
  MenuState.cpp
d:\documents\visual studio 2015\projects\newidea\newidea\gamestate.h(3): fatal error C1083: Cannot open include file: 'SFML/Graphics.hpp': No such file or directory
  Main.cpp
d:\documents\visual studio 2015\projects\newidea\newidea\gamestate.h(3): fatal error C1083: Cannot open include file: 'SFML/Graphics.hpp': No such file or directory
  InputManager.cpp
d:\documents\visual studio 2015\projects\newidea\newidea\inputmanager.h(3): fatal error C1083: Cannot open include file: 'SFML/Graphics.hpp': No such file or directory
  GameState.cpp
d:\documents\visual studio 2015\projects\newidea\newidea\gamestate.h(3): fatal error C1083: Cannot open include file: 'SFML/Graphics.hpp': No such file or directory
  Game.cpp
d:\documents\visual studio 2015\projects\newidea\newidea\gamestate.h(3): fatal error C1083: Cannot open include file: 'SFML/Graphics.hpp': No such file or directory
  World.cpp
d:\documents\visual studio 2015\projects\newidea\newidea\collisionbox.h(1): fatal error C1083: Cannot open include file: 'SFML/Graphics.hpp': No such file or directory
  ViewManager.cpp
  UserWindow.cpp
d:\documents\visual studio 2015\projects\newidea\newidea\userwindow.h(1): fatal error C1083: Cannot open include file: 'SFML/Graphics.hpp': No such file or directory
  StoreWindow.cpp
d:\documents\visual studio 2015\projects\newidea\newidea\userwindow.h(1): fatal error C1083: Cannot open include file: 'SFML/Graphics.hpp': No such file or directory
  Overlay.cpp
d:\documents\visual studio 2015\projects\newidea\newidea\userwindow.h(1): fatal error C1083: Cannot open include file: 'SFML/Graphics.hpp': No such file or directory
  Node.cpp
d:\documents\visual studio 2015\projects\newidea\newidea\node.h(1): fatal error C1083: Cannot open include file: 'SFML/Graphics.hpp': No such file or directory
  HamsterWindow.cpp
d:\documents\visual studio 2015\projects\newidea\newidea\userwindow.h(1): fatal error C1083: Cannot open include file: 'SFML/Graphics.hpp': No such file or directory
  Hamster.cpp
d:\documents\visual studio 2015\projects\newidea\newidea\collisionbox.h(1): fatal error C1083: Cannot open include file: 'SFML/Graphics.hpp': No such file or directory
  CollisionBox.cpp
d:\documents\visual studio 2015\projects\newidea\newidea\collisionbox.h(1): fatal error C1083: Cannot open include file: 'SFML/Graphics.hpp': No such file or directory
  Generating Code...
