d:\documents\visual studio 2015\projects\newidea\newidea\debug\vc140.pdb
d:\documents\visual studio 2015\projects\newidea\newidea\debug\vc140.idb
d:\documents\visual studio 2015\projects\newidea\newidea\debug\main.obj
d:\documents\visual studio 2015\projects\newidea\newidea\debug\collisionbox.obj
d:\documents\visual studio 2015\projects\newidea\newidea\debug\hamster.obj
d:\documents\visual studio 2015\projects\newidea\newidea\debug\hamsterwindow.obj
d:\documents\visual studio 2015\projects\newidea\newidea\debug\overlay.obj
d:\documents\visual studio 2015\projects\newidea\newidea\debug\storewindow.obj
d:\documents\visual studio 2015\projects\newidea\newidea\debug\userwindow.obj
d:\documents\visual studio 2015\projects\newidea\newidea\debug\viewmanager.obj
d:\documents\visual studio 2015\projects\newidea\newidea\debug\world.obj
d:\documents\visual studio 2015\projects\newidea\newidea\debug\game.obj
d:\documents\visual studio 2015\projects\newidea\newidea\debug\gamestate.obj
d:\documents\visual studio 2015\projects\newidea\newidea\debug\inputmanager.obj
d:\documents\visual studio 2015\projects\newidea\newidea\debug\menustate.obj
d:\documents\visual studio 2015\projects\newidea\newidea\debug\pausestate.obj
d:\documents\visual studio 2015\projects\newidea\newidea\debug\playstate.obj
d:\documents\visual studio 2015\projects\newidea\newidea\debug\room.obj
d:\documents\visual studio 2015\projects\newidea\newidea\debug\imgui-sfml.obj
d:\documents\visual studio 2015\projects\newidea\newidea\debug\imgui.obj
d:\documents\visual studio 2015\projects\newidea\newidea\debug\imgui_demo.obj
d:\documents\visual studio 2015\projects\newidea\newidea\debug\imgui_draw.obj
d:\documents\visual studio 2015\projects\newidea\newidea\debug\imgui_widgets.obj
d:\documents\visual studio 2015\projects\newidea\newidea\debug\node.obj
d:\documents\visual studio 2015\projects\newidea\newidea\debug\newidea.tlog\cl.command.1.tlog
d:\documents\visual studio 2015\projects\newidea\newidea\debug\newidea.tlog\cl.read.1.tlog
d:\documents\visual studio 2015\projects\newidea\newidea\debug\newidea.tlog\cl.write.1.tlog
d:\documents\visual studio 2015\projects\newidea\newidea\debug\newidea.tlog\link.command.1.tlog
d:\documents\visual studio 2015\projects\newidea\newidea\debug\newidea.tlog\link.read.1.tlog
d:\documents\visual studio 2015\projects\newidea\newidea\debug\newidea.tlog\link.write.1.tlog
