d:\documents\visual studio 2015\projects\newidea\newidea\x64\debug\vc140.pdb
d:\documents\visual studio 2015\projects\newidea\newidea\x64\debug\vc140.idb
d:\documents\visual studio 2015\projects\newidea\newidea\x64\debug\hamsterwindow.obj
d:\documents\visual studio 2015\projects\newidea\newidea\x64\debug\imgui-sfml.obj
d:\documents\visual studio 2015\projects\newidea\newidea\x64\debug\imgui.obj
d:\documents\visual studio 2015\projects\newidea\newidea\x64\debug\imgui_demo.obj
d:\documents\visual studio 2015\projects\newidea\newidea\x64\debug\imgui_draw.obj
d:\documents\visual studio 2015\projects\newidea\newidea\x64\debug\imgui_widgets.obj
d:\documents\visual studio 2015\projects\newidea\newidea\x64\debug\node.obj
d:\documents\visual studio 2015\projects\newidea\newidea\x64\debug\overlay.obj
d:\documents\visual studio 2015\projects\newidea\newidea\x64\debug\storewindow.obj
d:\documents\visual studio 2015\projects\newidea\newidea\x64\debug\userwindow.obj
d:\documents\visual studio 2015\projects\newidea\newidea\x64\debug\viewmanager.obj
d:\documents\visual studio 2015\projects\newidea\newidea\x64\debug\world.obj
d:\documents\visual studio 2015\projects\newidea\newidea\x64\debug\game.obj
d:\documents\visual studio 2015\projects\newidea\newidea\x64\debug\gamestate.obj
d:\documents\visual studio 2015\projects\newidea\newidea\x64\debug\inputmanager.obj
d:\documents\visual studio 2015\projects\newidea\newidea\x64\debug\main.obj
d:\documents\visual studio 2015\projects\newidea\newidea\x64\debug\menustate.obj
d:\documents\visual studio 2015\projects\newidea\newidea\x64\debug\pausestate.obj
d:\documents\visual studio 2015\projects\newidea\newidea\x64\debug\playstate.obj
d:\documents\visual studio 2015\projects\newidea\newidea\x64\debug\room.obj
d:\documents\visual studio 2015\projects\newidea\newidea\x64\debug\collisionbox.obj
d:\documents\visual studio 2015\projects\newidea\newidea\x64\debug\hamster.obj
d:\documents\visual studio 2015\projects\newidea\x64\debug\newidea.ilk
d:\documents\visual studio 2015\projects\newidea\x64\debug\newidea.exe
d:\documents\visual studio 2015\projects\newidea\x64\debug\newidea.pdb
d:\documents\visual studio 2015\projects\newidea\newidea\x64\debug\newidea.tlog\cl.command.1.tlog
d:\documents\visual studio 2015\projects\newidea\newidea\x64\debug\newidea.tlog\cl.read.1.tlog
d:\documents\visual studio 2015\projects\newidea\newidea\x64\debug\newidea.tlog\cl.write.1.tlog
d:\documents\visual studio 2015\projects\newidea\newidea\x64\debug\newidea.tlog\link.command.1.tlog
d:\documents\visual studio 2015\projects\newidea\newidea\x64\debug\newidea.tlog\link.read.1.tlog
d:\documents\visual studio 2015\projects\newidea\newidea\x64\debug\newidea.tlog\link.write.1.tlog
